









,]'CATG'[  
,]0$ >= 'TROS'[  
,]0$ >= 'TROS'[  
,]'TROS'[  
,]'TROS'[  
,]0$ >= TAC[  
,])$*S\^ VP- PERG(WQ[  
])Z-A Z-A RT(WQ[  
,])Z-A Z-A RT(WQ[  
,])Z-A Z-A RT(WQ[  
,])Z-A Z-A RT(WQ[  
,FEDNU ,)TUO$ ,NI$( YM  
,} 1 ;>< ELIHW _$ TNIRP RO /$*S\^/ { BUS  
,}1 ;>< ELIHW ESREVER RALACS TNIRP { BUS  
;)NEL$ ,FUB$ ,TUODTS(ETIRWSYS  
,FEDNU ,OOF$ ,FEDNU  
,FEDNU ,RREDTS*\ ,FEDNU  
,FEDNU ,TUODTS*\ ,FEDNU  
;)1 ,DIP$(DIPTIAW  
!ELDNAH-ELIF *YNA* ROF EMAS ,YLLAER #
TUODTS ROF EMAS #
RREDTS S'TNERAP OT EPIP URHT MAERTS #
LREP VNE/NIB/RSU/!#
YTILANOITCNUF DETNEMUCOD ###
!YTILANOITCNUF WEN ###
;)
;)
;)
;)
__ATAD__
RAB
ZAB
;OOF$ ESOLC
;NI$ ESOLC
;TUO$ ESOLC
OOF
{ )SDIP@( DIP$ YM HCAEROF
(ENILEPIP = SDIP@ YM
;"TUO.0$" ,'>' ,OOF$ YM NEPO
;)OOH-OOW ELBEEW ELBBOW ELBBIW(WQ ROF "N\_$" NI$ TNIRP
;REPMUD::ATAD ESU
;2ENILEPIP::CPI ESU
;EIDOTUA ESU
;TCIRTS ESU
;SGNINRAW ESU
(ENILEPIP ROF )1 ,_$(DIPTIAW
(ENILEPIP ROF )1 ,_$(DIPTIAW
(ENILEPIP ROF )1 ,_$(DIPTIAW
ELBEEW
{ ))215 ,FUB$ YM ,TUO$(DAERSYS = NEL$ YM( ELIHW
ELBBOW ELBBIW
}
}